\BOOKMARK [1][-]{section.1}{System Definition}{}% 1
\BOOKMARK [2][-]{subsection.1.1}{Definitions}{section.1}% 2
\BOOKMARK [2][-]{subsection.1.2}{Axiomatization}{section.1}% 3
\BOOKMARK [2][-]{subsection.1.3}{Abbreviations}{section.1}% 4
\BOOKMARK [2][-]{subsection.1.4}{Consistency}{section.1}% 5
\BOOKMARK [1][-]{section.2}{Inference Rules}{}% 6
\BOOKMARK [2][-]{subsection.2.1}{Basic Inference Rules}{section.2}% 7
\BOOKMARK [2][-]{subsection.2.2}{Fancier Inference Rules}{section.2}% 8
\BOOKMARK [1][-]{section.3}{Axioms}{}% 9
\BOOKMARK [2][-]{subsection.3.1}{Box}{section.3}% 10
\BOOKMARK [2][-]{subsection.3.2}{O}{section.3}% 11
\BOOKMARK [2][-]{subsection.3.3}{Possible Box}{section.3}% 12
\BOOKMARK [2][-]{subsection.3.4}{Actual Box}{section.3}% 13
\BOOKMARK [2][-]{subsection.3.5}{Relations Between the Modal Operators}{section.3}% 14
\BOOKMARK [1][-]{section.4}{The Categorical Imperative}{}% 15
\BOOKMARK [2][-]{subsection.4.1}{Simple Formulation of the Kingdom of Ends}{section.4}% 16
\BOOKMARK [1][-]{section.5}{The Categorical Imperative}{}% 17
\BOOKMARK [2][-]{subsection.5.1}{Simple Formulation of the Formula of Universal Law}{section.5}% 18
\BOOKMARK [2][-]{subsection.5.2}{Basic Tests}{section.5}% 19
\BOOKMARK [2][-]{subsection.5.3}{Metaethical Tests}{section.5}% 20
