\BOOKMARK [1][-]{section.1}{System Definition}{}% 1
\BOOKMARK [2][-]{subsection.1.1}{Definitions}{section.1}% 2
\BOOKMARK [2][-]{subsection.1.2}{Axiomatization}{section.1}% 3
\BOOKMARK [2][-]{subsection.1.3}{Abbreviations}{section.1}% 4
\BOOKMARK [2][-]{subsection.1.4}{Consistency}{section.1}% 5
\BOOKMARK [1][-]{section.2}{Inference Rules}{}% 6
\BOOKMARK [2][-]{subsection.2.1}{Basic Inference Rules}{section.2}% 7
\BOOKMARK [2][-]{subsection.2.2}{Fancier Inference Rules}{section.2}% 8
\BOOKMARK [1][-]{section.3}{Axioms}{}% 9
\BOOKMARK [2][-]{subsection.3.1}{Box}{section.3}% 10
\BOOKMARK [2][-]{subsection.3.2}{O}{section.3}% 11
\BOOKMARK [2][-]{subsection.3.3}{Possible Box}{section.3}% 12
\BOOKMARK [2][-]{subsection.3.4}{Actual Box}{section.3}% 13
\BOOKMARK [2][-]{subsection.3.5}{Relations Between the Modal Operators}{section.3}% 14
\BOOKMARK [1][-]{section.4}{The Categorical Imperative}{}% 15
\BOOKMARK [2][-]{subsection.4.1}{Simple Formulation of the Kingdom of Ends}{section.4}% 16
\BOOKMARK [1][-]{section.5}{The Categorical Imperative}{}% 17
\BOOKMARK [2][-]{subsection.5.1}{Simple Formulation of the Formula of Universal Law}{section.5}% 18
\BOOKMARK [2][-]{subsection.5.2}{Basic Tests}{section.5}% 19
\BOOKMARK [2][-]{subsection.5.3}{Specifying the Model}{section.5}% 20
\BOOKMARK [2][-]{subsection.5.4}{Consistent Sentences}{section.5}% 21
\BOOKMARK [2][-]{subsection.5.5}{Metaethical Tests}{section.5}% 22
\BOOKMARK [1][-]{section.6}{Kroy's Formalization of the Categorical Imperative}{}% 23
\BOOKMARK [2][-]{subsection.6.1}{The Substitution Operator}{section.6}% 24
\BOOKMARK [3][-]{subsubsection.6.1.1}{Definition}{subsection.6.1}% 25
\BOOKMARK [3][-]{subsubsection.6.1.2}{Abbreviations}{subsection.6.1}% 26
\BOOKMARK [2][-]{subsection.6.2}{Differences Between Kroy's Logic \(Kr\) and DDL}{section.6}% 27
\BOOKMARK [2][-]{subsection.6.3}{The Categorical Imperative}{section.6}% 28
\BOOKMARK [2][-]{subsection.6.4}{Tests}{section.6}% 29
\BOOKMARK [3][-]{subsubsection.6.4.1}{Specifying the Model}{subsection.6.4}% 30
\BOOKMARK [3][-]{subsubsection.6.4.2}{Metaethical Tests}{subsection.6.4}% 31
\BOOKMARK [3][-]{subsubsection.6.4.3}{Kroy's Tests}{subsection.6.4}% 32
