\BOOKMARK [1][-]{section.1}{Introduction}{}% 1
\BOOKMARK [1][-]{section.2}{System Components }{}% 2
\BOOKMARK [2][-]{subsection.2.1}{Choice to Automate Kantian Ethics }{section.2}% 3
\BOOKMARK [3][-]{subsubsection.2.1.1}{Consequentialism}{subsection.2.1}% 4
\BOOKMARK [3][-]{subsubsection.2.1.2}{Virtue Ethics}{subsection.2.1}% 5
\BOOKMARK [3][-]{subsubsection.2.1.3}{Kantian Ethics }{subsection.2.1}% 6
\BOOKMARK [3][-]{subsubsection.2.1.4}{The Formula of Universal Law }{subsection.2.1}% 7
\BOOKMARK [2][-]{subsection.2.2}{Dyadic Deontic Logic }{section.2}% 8
\BOOKMARK [2][-]{subsection.2.3}{Isabelle/HOL }{section.2}% 9
\BOOKMARK [3][-]{subsubsection.2.3.1}{System Definition}{subsection.2.3}% 10
\BOOKMARK [3][-]{subsubsection.2.3.2}{Syntax}{subsection.2.3}% 11
\BOOKMARK [1][-]{section.3}{Implementation Details}{}% 12
\BOOKMARK [2][-]{subsection.3.1}{Formalization and Implementation of the FUL}{section.3}% 13
\BOOKMARK [3][-]{subsubsection.3.1.1}{Logical Background}{subsection.3.1}% 14
\BOOKMARK [3][-]{subsubsection.3.1.2}{Maxims }{subsection.3.1}% 15
\BOOKMARK [3][-]{subsubsection.3.1.3}{Practical Contradiction Interpretation of the FUL }{subsection.3.1}% 16
\BOOKMARK [3][-]{subsubsection.3.1.4}{Formalizing the FUL}{subsection.3.1}% 17
\BOOKMARK [2][-]{subsection.3.2}{Tests}{section.3}% 18
\BOOKMARK [1][-]{appendix.A}{Appendix}{}% 19
\BOOKMARK [2][-]{subsection.A.1}{Maxims and Motives }{appendix.A}% 20
\BOOKMARK [2][-]{subsection.A.2}{Kroy's Formalization}{appendix.A}% 21
\BOOKMARK [3][-]{subsubsection.A.2.1}{Logical Background }{subsection.A.2}% 22
\BOOKMARK [3][-]{subsubsection.A.2.2}{The Categorical Imperative }{subsection.A.2}% 23
\BOOKMARK [3][-]{subsubsection.A.2.3}{Application Tests}{subsection.A.2}% 24
\BOOKMARK [3][-]{subsubsection.A.2.4}{Metaethical Tests }{subsection.A.2}% 25
\BOOKMARK [3][-]{subsubsection.A.2.5}{Miscellaneous Tests }{subsection.A.2}% 26
\BOOKMARK [2][-]{subsection.A.3}{Testing Un-Universalizable Actions }{appendix.A}% 27
