This is pdfTeX, Version 3.14159265-2.6-1.40.21 (TeX Live 2020) (preloaded format=pdflatex 2020.4.7)  6 NOV 2021 17:58
entering extended mode
 restricted \write18 enabled.
 file:line:error style messages enabled.
 %&-line parsing enabled.
**\nonstopmode\input{root.tex}
(./root.tex (/usr/local/texlive/2020/texmf-dist/tex/latex/base/article.cls
Document Class: article 2019/12/20 v1.4l Standard LaTeX document class
(/usr/local/texlive/2020/texmf-dist/tex/latex/base/size11.clo
File: size11.clo 2019/12/20 v1.4l Standard LaTeX file (size option)
)
\c@part=\count167
\c@section=\count168
\c@subsection=\count169
\c@subsubsection=\count170
\c@paragraph=\count171
\c@subparagraph=\count172
\c@figure=\count173
\c@table=\count174
\abovecaptionskip=\skip47
\belowcaptionskip=\skip48
\bibindent=\dimen134
) (./isabelle.sty
\isa@parindent=\dimen135
\isa@parskip=\dimen136
(/usr/local/texlive/2020/texmf-dist/tex/generic/ulem/ulem.sty
\UL@box=\box45
\UL@hyphenbox=\box46
\UL@skip=\skip49
\UL@hook=\toks15
\UL@height=\dimen137
\UL@pe=\count175
\UL@pixel=\dimen138
\ULC@box=\box47
Package: ulem 2019/11/18
\ULdepth=\dimen139
) (./comment.sty
\CommentStream=\write3

Excluding comment 'comment') Including comment 'isadelimdocument'
Including comment 'isatagdocument' Including comment 'isadelimtheory'
Including comment 'isatagtheory' Including comment 'isadelimproof'
Including comment 'isatagproof' Including comment 'isadelimML'
Including comment 'isatagML' Including comment 'isadelimvisible'
Including comment 'isatagvisible' Excluding comment 'isadeliminvisible'
Excluding comment 'isataginvisible' Including comment 'isadelimimportant'
Including comment 'isatagimportant' Including comment 'isadelimunimportant'
Including comment 'isatagunimportant') (./isabelletags.sty) (./isabellesym.sty)
(/usr/local/texlive/2020/texmf-dist/tex/latex/amsmath/amsmath.sty
Package: amsmath 2020/01/20 v2.17e AMS math features
\@mathmargin=\skip50

For additional information on amsmath, use the `?' option.
(/usr/local/texlive/2020/texmf-dist/tex/latex/amsmath/amstext.sty
Package: amstext 2000/06/29 v2.01 AMS text

(/usr/local/texlive/2020/texmf-dist/tex/latex/amsmath/amsgen.sty
File: amsgen.sty 1999/11/30 v2.0 generic functions
\@emptytoks=\toks16
\ex@=\dimen140
))
(/usr/local/texlive/2020/texmf-dist/tex/latex/amsmath/amsbsy.sty
Package: amsbsy 1999/11/29 v1.2d Bold Symbols
\pmbraise@=\dimen141
)
(/usr/local/texlive/2020/texmf-dist/tex/latex/amsmath/amsopn.sty
Package: amsopn 2016/03/08 v2.02 operator names
)
\inf@bad=\count176
LaTeX Info: Redefining \frac on input line 227.
\uproot@=\count177
\leftroot@=\count178
LaTeX Info: Redefining \overline on input line 389.
\classnum@=\count179
\DOTSCASE@=\count180
LaTeX Info: Redefining \ldots on input line 486.
LaTeX Info: Redefining \dots on input line 489.
LaTeX Info: Redefining \cdots on input line 610.
\Mathstrutbox@=\box48
\strutbox@=\box49
\big@size=\dimen142
LaTeX Font Info:    Redeclaring font encoding OML on input line 733.
LaTeX Font Info:    Redeclaring font encoding OMS on input line 734.
\macc@depth=\count181
\c@MaxMatrixCols=\count182
\dotsspace@=\muskip16
\c@parentequation=\count183
\dspbrk@lvl=\count184
\tag@help=\toks17
\row@=\count185
\column@=\count186
\maxfields@=\count187
\andhelp@=\toks18
\eqnshift@=\dimen143
\alignsep@=\dimen144
\tagshift@=\dimen145
\tagwidth@=\dimen146
\totwidth@=\dimen147
\lineht@=\dimen148
\@envbody=\toks19
\multlinegap=\skip51
\multlinetaggap=\skip52
\mathdisplay@stack=\toks20
LaTeX Info: Redefining \[ on input line 2859.
LaTeX Info: Redefining \] on input line 2860.
)
(/usr/local/texlive/2020/texmf-dist/tex/latex/psnfss/times.sty
Package: times 2005/04/12 PSNFSS-v9.2a (SPQR) 
)
(/usr/local/texlive/2020/texmf-dist/tex/latex/graphics/graphicx.sty
Package: graphicx 2019/11/30 v1.2a Enhanced LaTeX Graphics (DPC,SPQR)

(/usr/local/texlive/2020/texmf-dist/tex/latex/graphics/keyval.sty
Package: keyval 2014/10/28 v1.15 key=value parser (DPC)
\KV@toks@=\toks21
)
(/usr/local/texlive/2020/texmf-dist/tex/latex/graphics/graphics.sty
Package: graphics 2019/11/30 v1.4a Standard LaTeX Graphics (DPC,SPQR)

(/usr/local/texlive/2020/texmf-dist/tex/latex/graphics/trig.sty
Package: trig 2016/01/03 v1.10 sin cos tan (DPC)
)
(/usr/local/texlive/2020/texmf-dist/tex/latex/graphics-cfg/graphics.cfg
File: graphics.cfg 2016/06/04 v1.11 sample graphics configuration
)
Package graphics Info: Driver file: pdftex.def on input line 105.

(/usr/local/texlive/2020/texmf-dist/tex/latex/graphics-def/pdftex.def
File: pdftex.def 2018/01/08 v1.0l Graphics/color driver for pdftex
))
\Gin@req@height=\dimen149
\Gin@req@width=\dimen150
)
(/usr/local/texlive/2020/texmf-dist/tex/latex/amsfonts/amssymb.sty
Package: amssymb 2013/01/14 v3.01 AMS font symbols

(/usr/local/texlive/2020/texmf-dist/tex/latex/amsfonts/amsfonts.sty
Package: amsfonts 2013/01/14 v3.01 Basic AMSFonts support
\symAMSa=\mathgroup4
\symAMSb=\mathgroup5
LaTeX Font Info:    Redeclaring math symbol \hbar on input line 98.
LaTeX Font Info:    Overwriting math alphabet `\mathfrak' in version `bold'
(Font)                  U/euf/m/n --> U/euf/b/n on input line 106.
))
(/usr/local/texlive/2020/texmf-dist/tex/latex/natbib/natbib.sty
Package: natbib 2010/09/13 8.31b (PWD, AO)
\bibhang=\skip53
\bibsep=\skip54
LaTeX Info: Redefining \cite on input line 694.
\c@NAT@ctr=\count188
)
LaTeX Font Info:    Trying to load font information for OT1+ptm on input line 9
.

(/usr/local/texlive/2020/texmf-dist/tex/latex/psnfss/ot1ptm.fd
File: ot1ptm.fd 2001/06/04 font definitions for OT1/ptm.
)
(/usr/local/texlive/2020/texmf-dist/tex/latex/setspace/setspace.sty
Package: setspace 2011/12/19 v6.7a set line spacing
)
(./pdfsetup.sty
(/usr/local/texlive/2020/texmf-dist/tex/latex/graphics/color.sty
Package: color 2019/11/23 v1.2a Standard LaTeX Color (DPC)

(/usr/local/texlive/2020/texmf-dist/tex/latex/graphics-cfg/color.cfg
File: color.cfg 2016/01/02 v1.6 sample color configuration
)
Package color Info: Driver file: pdftex.def on input line 147.
))
(/usr/local/texlive/2020/texmf-dist/tex/latex/hyperref/hyperref.sty
Package: hyperref 2020/01/14 v7.00d Hypertext links for LaTeX

(/usr/local/texlive/2020/texmf-dist/tex/generic/ltxcmds/ltxcmds.sty
Package: ltxcmds 2019/12/15 v1.24 LaTeX kernel commands for general use (HO)
)
(/usr/local/texlive/2020/texmf-dist/tex/generic/iftex/iftex.sty
Package: iftex 2020/03/06 v1.0d TeX engine tests
)
(/usr/local/texlive/2020/texmf-dist/tex/latex/pdftexcmds/pdftexcmds.sty
Package: pdftexcmds 2019/11/24 v0.31 Utility functions of pdfTeX for LuaTeX (HO
)

(/usr/local/texlive/2020/texmf-dist/tex/generic/infwarerr/infwarerr.sty
Package: infwarerr 2019/12/03 v1.5 Providing info/warning/error messages (HO)
)
Package pdftexcmds Info: \pdf@primitive is available.
Package pdftexcmds Info: \pdf@ifprimitive is available.
Package pdftexcmds Info: \pdfdraftmode found.
)
(/usr/local/texlive/2020/texmf-dist/tex/generic/kvsetkeys/kvsetkeys.sty
Package: kvsetkeys 2019/12/15 v1.18 Key value parser (HO)
)
(/usr/local/texlive/2020/texmf-dist/tex/generic/kvdefinekeys/kvdefinekeys.sty
Package: kvdefinekeys 2019-12-19 v1.6 Define keys (HO)
)
(/usr/local/texlive/2020/texmf-dist/tex/generic/pdfescape/pdfescape.sty
Package: pdfescape 2019/12/09 v1.15 Implements pdfTeX's escape features (HO)
)
(/usr/local/texlive/2020/texmf-dist/tex/latex/hycolor/hycolor.sty
Package: hycolor 2020-01-27 v1.10 Color options for hyperref/bookmark (HO)
)
(/usr/local/texlive/2020/texmf-dist/tex/latex/letltxmacro/letltxmacro.sty
Package: letltxmacro 2019/12/03 v1.6 Let assignment for LaTeX macros (HO)
)
(/usr/local/texlive/2020/texmf-dist/tex/latex/auxhook/auxhook.sty
Package: auxhook 2019-12-17 v1.6 Hooks for auxiliary files (HO)
)
(/usr/local/texlive/2020/texmf-dist/tex/latex/kvoptions/kvoptions.sty
Package: kvoptions 2019/11/29 v3.13 Key value format for package options (HO)
)
\@linkdim=\dimen151
\Hy@linkcounter=\count189
\Hy@pagecounter=\count190

(/usr/local/texlive/2020/texmf-dist/tex/latex/hyperref/pd1enc.def
File: pd1enc.def 2020/01/14 v7.00d Hyperref: PDFDocEncoding definition (HO)
Now handling font encoding PD1 ...
... no UTF-8 mapping file for font encoding PD1
)
(/usr/local/texlive/2020/texmf-dist/tex/generic/intcalc/intcalc.sty
Package: intcalc 2019/12/15 v1.3 Expandable calculations with integers (HO)
)
(/usr/local/texlive/2020/texmf-dist/tex/generic/etexcmds/etexcmds.sty
Package: etexcmds 2019/12/15 v1.7 Avoid name clashes with e-TeX commands (HO)
)
\Hy@SavedSpaceFactor=\count191
Package hyperref Info: Option `colorlinks' set `true' on input line 4421.
Package hyperref Info: Option `pdfpagelabels' set `true' on input line 4421.
Package hyperref Info: Hyper figures OFF on input line 4547.
Package hyperref Info: Link nesting OFF on input line 4552.
Package hyperref Info: Hyper index ON on input line 4555.
Package hyperref Info: Plain pages OFF on input line 4562.
Package hyperref Info: Backreferencing OFF on input line 4567.
Package hyperref Info: Implicit mode ON; LaTeX internals redefined.
Package hyperref Info: Bookmarks ON on input line 4800.
\c@Hy@tempcnt=\count192

(/usr/local/texlive/2020/texmf-dist/tex/latex/url/url.sty
\Urlmuskip=\muskip17
Package: url 2013/09/16  ver 3.4  Verb mode for urls, etc.
)
LaTeX Info: Redefining \url on input line 5159.
\XeTeXLinkMargin=\dimen152

(/usr/local/texlive/2020/texmf-dist/tex/generic/bitset/bitset.sty
Package: bitset 2019/12/09 v1.3 Handle bit-vector datatype (HO)

(/usr/local/texlive/2020/texmf-dist/tex/generic/bigintcalc/bigintcalc.sty
Package: bigintcalc 2019/12/15 v1.5 Expandable calculations on big integers (HO
)
))
\Fld@menulength=\count193
\Field@Width=\dimen153
\Fld@charsize=\dimen154
Package hyperref Info: Hyper figures OFF on input line 6430.
Package hyperref Info: Link nesting OFF on input line 6435.
Package hyperref Info: Hyper index ON on input line 6438.
Package hyperref Info: backreferencing OFF on input line 6445.
Package hyperref Info: Link coloring ON on input line 6448.
Package hyperref Info: Link coloring with OCG OFF on input line 6455.
Package hyperref Info: PDF/A mode OFF on input line 6460.
LaTeX Info: Redefining \ref on input line 6500.
LaTeX Info: Redefining \pageref on input line 6504.

(/usr/local/texlive/2020/texmf-dist/tex/generic/atbegshi/atbegshi.sty
Package: atbegshi 2019/12/05 v1.19 At begin shipout hook (HO)
)
\Hy@abspage=\count194
\c@Item=\count195
\c@Hfootnote=\count196
)
Package hyperref Info: Driver (autodetected): hpdftex.

(/usr/local/texlive/2020/texmf-dist/tex/latex/hyperref/hpdftex.def
File: hpdftex.def 2020/01/14 v7.00d Hyperref driver for pdfTeX

(/usr/local/texlive/2020/texmf-dist/tex/latex/atveryend/atveryend.sty
Package: atveryend 2019-12-11 v1.11 Hooks at the very end of document (HO)
Package atveryend Info: \enddocument detected (standard20110627).
)
\Fld@listcount=\count197
\c@bookmark@seq@number=\count198

(/usr/local/texlive/2020/texmf-dist/tex/latex/rerunfilecheck/rerunfilecheck.sty
Package: rerunfilecheck 2019/12/05 v1.9 Rerun checks for auxiliary files (HO)

(/usr/local/texlive/2020/texmf-dist/tex/generic/uniquecounter/uniquecounter.sty
Package: uniquecounter 2019/12/15 v1.4 Provide unlimited unique counter (HO)
)
Package uniquecounter Info: New unique counter `rerunfilecheck' on input line 2
86.
)
\Hy@SectionHShift=\skip55
)
(/usr/local/texlive/2020/texmf-dist/tex/latex/l3backend/l3backend-pdfmode.def
File: l3backend-pdfmode.def 2020-03-12 L3 backend support: PDF mode
\l__kernel_color_stack_int=\count199
\l__pdf_internal_box=\box50
)
No file root.aux.
\openout1 = `root.aux'.

LaTeX Font Info:    Checking defaults for OML/cmm/m/it on input line 49.
LaTeX Font Info:    ... okay on input line 49.
LaTeX Font Info:    Checking defaults for OMS/cmsy/m/n on input line 49.
LaTeX Font Info:    ... okay on input line 49.
LaTeX Font Info:    Checking defaults for OT1/cmr/m/n on input line 49.
LaTeX Font Info:    ... okay on input line 49.
LaTeX Font Info:    Checking defaults for T1/cmr/m/n on input line 49.
LaTeX Font Info:    ... okay on input line 49.
LaTeX Font Info:    Checking defaults for TS1/cmr/m/n on input line 49.
LaTeX Font Info:    ... okay on input line 49.
LaTeX Font Info:    Checking defaults for OMX/cmex/m/n on input line 49.
LaTeX Font Info:    ... okay on input line 49.
LaTeX Font Info:    Checking defaults for U/cmr/m/n on input line 49.
LaTeX Font Info:    ... okay on input line 49.
LaTeX Font Info:    Checking defaults for PD1/pdf/m/n on input line 49.
LaTeX Font Info:    ... okay on input line 49.
(/usr/local/texlive/2020/texmf-dist/tex/context/base/mkii/supp-pdf.mkii
[Loading MPS to PDF converter (version 2006.09.02).]
\scratchcounter=\count266
\scratchdimen=\dimen155
\scratchbox=\box51
\nofMPsegments=\count267
\nofMParguments=\count268
\everyMPshowfont=\toks22
\MPscratchCnt=\count269
\MPscratchDim=\dimen156
\MPnumerator=\count270
\makeMPintoPDFobject=\count271
\everyMPtoPDFconversion=\toks23
) (/usr/local/texlive/2020/texmf-dist/tex/latex/epstopdf-pkg/epstopdf-base.sty
Package: epstopdf-base 2020-01-24 v2.11 Base part for package epstopdf
Package epstopdf-base Info: Redefining graphics rule for `.eps' on input line 4
85.

(/usr/local/texlive/2020/texmf-dist/tex/latex/latexconfig/epstopdf-sys.cfg
File: epstopdf-sys.cfg 2010/07/13 v1.3 Configuration of (r)epstopdf for TeX Liv
e
))
\AtBeginShipoutBox=\box52
Package hyperref Info: Link coloring ON on input line 49.

(/usr/local/texlive/2020/texmf-dist/tex/latex/hyperref/nameref.sty
Package: nameref 2019/09/16 v2.46 Cross-referencing by name of section

(/usr/local/texlive/2020/texmf-dist/tex/latex/refcount/refcount.sty
Package: refcount 2019/12/15 v3.6 Data extraction from label references (HO)
)
(/usr/local/texlive/2020/texmf-dist/tex/generic/gettitlestring/gettitlestring.s
ty
Package: gettitlestring 2019/12/15 v1.6 Cleanup title references (HO)
)
\c@section@level=\count272
)
LaTeX Info: Redefining \ref on input line 49.
LaTeX Info: Redefining \pageref on input line 49.
LaTeX Info: Redefining \nameref on input line 49.
 (./root.out) (./root.out)
\@outlinefile=\write4
\openout4 = `root.out'.

LaTeX Font Info:    Trying to load font information for U+msa on input line 54.


(/usr/local/texlive/2020/texmf-dist/tex/latex/amsfonts/umsa.fd
File: umsa.fd 2013/01/14 v3.01 AMS symbols A
)
LaTeX Font Info:    Trying to load font information for U+msb on input line 54.


(/usr/local/texlive/2020/texmf-dist/tex/latex/amsfonts/umsb.fd
File: umsb.fd 2013/01/14 v3.01 AMS symbols B
)

Package hyperref Warning: old toc file detected, not used; run LaTeX again.

\tf@toc=\write5
\openout5 = `root.toc'.

[1

{/usr/local/texlive/2020/texmf-var/fonts/map/pdftex/updmap/pdftex.map}]
(./paper.tex

Package natbib Warning: Citation `mesurvey' on page 2 undefined on input line 4
0.

[2]

Package natbib Warning: Citation `powers' on page 3 undefined on input line 66.



Package natbib Warning: Citation `BL' on page 3 undefined on input line 66.


Package natbib Warning: Citation `lin' on page 3 undefined on input line 66.


Package natbib Warning: Citation `CJDDL' on page 3 undefined on input line 69.


Package natbib Warning: Citation `isabelle' on page 3 undefined on input line 7
1.

[3]

LaTeX Warning: Reference `sec:kant' on page 4 undefined on input line 110.


LaTeX Warning: Reference `sec:DDL' on page 4 undefined on input line 111.


Package natbib Warning: Citation `CJDDL' on page 4 undefined on input line 111.



LaTeX Warning: Reference `sec:isabelle' on page 4 undefined on input line 112.

[4]

Package natbib Warning: Citation `groundwork' on page 5 undefined on input line
 142.


Package natbib Warning: Citation `groundwork' on page 5 undefined on input line
 149.


Package natbib Warning: Citation `groundwork' on page 5 undefined on input line
 159.


Package natbib Warning: Citation `KorsgaardFUL' on page 5 undefined on input li
ne 159.


Package natbib Warning: Citation `KorsgaardFUL' on page 5 undefined on input li
ne 160.

[5]

Package natbib Warning: Citation `groundwork' on page 6 undefined on input line
 178.


Package natbib Warning: Citation `KorsgaardFUL' on page 6 undefined on input li
ne 185.

[6]

Package natbib Warning: Citation `cresswell' on page 7 undefined on input line 
229.


Package natbib Warning: Citation `cresswell' on page 7 undefined on input line 
235.


Package natbib Warning: Citation `sep-logic-deontic' on page 7 undefined on inp
ut line 235.


Package natbib Warning: Citation `chisholm' on page 7 undefined on input line 2
51.


Package natbib Warning: Citation `ctd' on page 7 undefined on input line 251.

[7]

Package natbib Warning: Citation `CJDDL' on page 8 undefined on input line 274.



Package natbib Warning: Citation `neighborhood1' on page 8 undefined on input l
ine 277.


Package natbib Warning: Citation `neighborhood2' on page 8 undefined on input l
ine 277.


Package natbib Warning: Citation `CJDDL' on page 8 undefined on input line 288.


[8]) (./paper22.tex

Package natbib Warning: Citation `isabelle' on page 9 undefined on input line 3
6.


Package natbib Warning: Citation `BFP' on page 9 undefined on input line 40.


Package natbib Warning: Citation `logikey' on page 9 undefined on input line 40
.

LaTeX Font Info:    Trying to load font information for OT1+pcr on input line 4
7.
(/usr/local/texlive/2020/texmf-dist/tex/latex/psnfss/ot1pcr.fd
File: ot1pcr.fd 2001/06/04 font definitions for OT1/pcr.
)
LaTeX Font Info:    Trying to load font information for OMS+ptm on input line 8
2.

(/usr/local/texlive/2020/texmf-dist/tex/latex/psnfss/omsptm.fd
File: omsptm.fd 
)
LaTeX Font Info:    Font shape `OMS/ptm/m/n' in size <10> not available
(Font)              Font shape `OMS/cmsy/m/n' tried instead on input line 82.
 [9]

Package natbib Warning: Citation `BFP' on page 10 undefined on input line 115.

[10] [11]

Package natbib Warning: Citation `BFP' on page 12 undefined on input line 216.


Package natbib Warning: Citation `nitpick' on page 12 undefined on input line 2
51.

) (./paper224.tex

Package natbib Warning: Citation `isabelle' on page 12 undefined on input line 
51.

[12]

Package natbib Warning: Citation `cresswell' on page 13 undefined on input line
 155.


Package natbib Warning: Citation `groundwork' on page 13 undefined on input lin
e 321.

[13]

Package natbib Warning: Citation `sledgehammer' on page 14 undefined on input l
ine 368.


Package natbib Warning: Citation `smt' on page 14 undefined on input line 368.

[14]) (./paper31.tex

LaTeX Warning: Reference `sec:naive' on page 15 undefined on input line 36.


LaTeX Warning: Reference `sec:kroy' on page 15 undefined on input line 39.


Package natbib Warning: Citation `kroy' on page 15 undefined on input line 39.

[15]

Package natbib Warning: Citation `groundwork' on page 16 undefined on input lin
e 99.


Package natbib Warning: Citation `KorsgaardRTL' on page 16 undefined on input l
ine 135.


Package natbib Warning: Citation `idealtheory' on page 16 undefined on input li
ne 136.

[16] [17]

Package natbib Warning: Citation `simul' on page 18 undefined on input line 316
.

[18] [19]

Package natbib Warning: Citation `kitcher' on page 20 undefined on input line 4
62.

[20]

Package natbib Warning: Citation `contradictoryob' on page 21 undefined on inpu
t line 542.

[21]

Package natbib Warning: Citation `KorsgaardFUL' on page 22 undefined on input l
ine 608.

[22] [23]

Package natbib Warning: Citation `kohl' on page 24 undefined on input line 737.



Package natbib Warning: Citation `cresswell' on page 24 undefined on input line
 739.

) (./paper32.tex

Package natbib Warning: Citation `kroy' on page 24 undefined on input line 37.

[24]

Package natbib Warning: Citation `kroy' on page 25 undefined on input line 70.

[25]

Package natbib Warning: Citation `hintikka' on page 26 undefined on input line 
119.


Package natbib Warning: Citation `solt' on page 26 undefined on input line 130.


[26] [27]

Package natbib Warning: Citation `groundwork' on page 28 undefined on input lin
e 302.

[28] [29]

LaTeX Warning: Reference `sec:app_tests_naive' on page 30 undefined on input li
ne 401.


LaTeX Warning: Reference `sec:meta_tests_naive' on page 30 undefined on input l
ine 401.


LaTeX Warning: Reference `sec:kroy_logical_background' on page 30 undefined on 
input line 404.


LaTeX Warning: Reference `sec:app_tests_naive' on page 30 undefined on input li
ne 417.

[30]

LaTeX Warning: Reference `sec:app_tests_naive' on page 31 undefined on input li
ne 456.

[31] [32]
Overfull \hbox (6.36386pt too wide) in paragraph at lines 563--565
[][]\OT1/ptm/b/n/10 abbreviation \OT1/ptm/m/it/10 lying[]not[]possibly[]univers
al$\OT1/cmr/m/n/10 :$$:$\OT1/ptm/m/it/10 bool \OT1/ptm/b/n/10 where \OT1/ptm/m/
it/10 lying[]not[]possibly[]universal $\OMS/cmsy/m/n/10 ^^Q$ $j[]\OT1/cmr/m/n/1
0 =$$($$\OMS/cmsy/b/n/10 :$
 []


Overfull \hbox (100.0398pt too wide) in paragraph at lines 609--610
[][] 
 []

[33]

Package natbib Warning: Citation `groundwork' on page 34 undefined on input lin
e 684.

[34] [35]

LaTeX Warning: Reference `sec:meta_tests_naive' on page 36 undefined on input l
ine 810.


Package natbib Warning: Citation `cresswell' on page 36 undefined on input line
 835.

[36] [37] [38]

Package natbib Warning: Citation `kemp' on page 39 undefined on input line 1068
.


Package natbib Warning: Citation `KorsgaardFUL' on page 39 undefined on input l
ine 1068.

[39] [40]) (./paper33.tex

LaTeX Warning: Reference `fig:goalstable' on page 41 undefined on input line 44
.

<goalstable.png, id=354, 727.71875pt x 281.05pt>
File: goalstable.png Graphic file (type png)
<use goalstable.png>
Package pdftex.def Info: goalstable.png  used on input line 52.
(pdftex.def)             Requested size: 291.08234pt x 112.418pt.
[41]

Package natbib Warning: Citation `velleman' on page 42 undefined on input line 
91.


./paper33.tex:94: LaTeX Error: Command \bfseries invalid in math mode.

See the LaTeX manual or LaTeX Companion for explanation.
Type  H <return>  for immediate help.
 ...                                              
                                                  
l.94 ...onal agents equally $\cite[16]{groundwork}
                                                  $. At its core, the FUL be...

Please use the math alphabet \mathbf instead of the \bfseries command. 


Package natbib Warning: Citation `groundwork' on page 42 undefined on input lin
e 94.


Package natbib Warning: Citation `KorsgaardFUL' on page 42 undefined on input l
ine 96.

[42 <./goalstable.png>]

Package natbib Warning: Citation `kohl' on page 43 undefined on input line 107.



Package natbib Warning: Citation `kohl' on page 43 undefined on input line 109.



Package natbib Warning: Citation `metaphysicsintro' on page 43 undefined on inp
ut line 114.


Package natbib Warning: Citation `timmerman' on page 43 undefined on input line
 115.

[43] [44]

./paper33.tex:228: LaTeX Error: Command \bfseries invalid in math mode.

See the LaTeX manual or LaTeX Companion for explanation.
Type  H <return>  for immediate help.
 ...                                              
                                                  
l.228 ...phical community $\cite[177]{ebelsduggan}
                                                  $.
Please use the math alphabet \mathbf instead of the \bfseries command. 


Package natbib Warning: Citation `ebelsduggan' on page 45 undefined on input li
ne 228.

[45]

./paper33.tex:238: LaTeX Error: Command \bfseries invalid in math mode.

See the LaTeX manual or LaTeX Companion for explanation.
Type  H <return>  for immediate help.
 ...                                              
                                                  
l.238 ...niversal law” $\cite[4:421]{groundwork}
                                                  $. To determine if a maxim...

Please use the math alphabet \mathbf instead of the \bfseries command. 


Package natbib Warning: Citation `groundwork' on page 46 undefined on input lin
e 238.


Package natbib Warning: Citation `dietrichson' on page 46 undefined on input li
ne 249.

[46]

Package natbib Warning: Citation `acton' on page 47 undefined on input line 260
.

[47]) (./paper41.tex [48]

./paper41.tex:84: LaTeX Error: Command \bfseries invalid in math mode.

See the LaTeX manual or LaTeX Companion for explanation.
Type  H <return>  for immediate help.
 ...                                              
                                                  
l.84 the agent acts on $\cite[16]{groundwork}
                                             $. Modern Kantians differ in th...

Please use the math alphabet \mathbf instead of the \bfseries command. 


Package natbib Warning: Citation `groundwork' on page 49 undefined on input lin
e 84.


Package natbib Warning: Citation `actingforareason' on page 49 undefined on inp
ut line 86.


Package natbib Warning: Citation `actingonprinciple' on page 49 undefined on in
put line 88.


Package natbib Warning: Citation `whatisamaxim' on page 49 undefined on input l
ine 89.

[49]

./paper41.tex:107: LaTeX Error: Command \bfseries invalid in math mode.

See the LaTeX manual or LaTeX Companion for explanation.
Type  H <return>  for immediate help.
 ...                                              
                                                  
l.107 O'Neill $\cite[37]{actingonprinciple}
                                           $ presents what Kitcher \cite{wha...

Please use the math alphabet \mathbf instead of the \bfseries command. 


Package natbib Warning: Citation `actingonprinciple' on page 50 undefined on in
put line 107.


Package natbib Warning: Citation `whatisamaxim' on page 50 undefined on input l
ine 107.


./paper41.tex:114: LaTeX Error: Command \bfseries invalid in math mode.

See the LaTeX manual or LaTeX Companion for explanation.
Type  H <return>  for immediate help.
 ...                                              
                                                  
l.114 ...ently purposive $\cite[4:428]{groundwork}
                                                  $. A rational will does no...

Please use the math alphabet \mathbf instead of the \bfseries command. 


Package natbib Warning: Citation `groundwork' on page 50 undefined on input lin
e 114.


./paper41.tex:119: LaTeX Error: Command \bfseries invalid in math mode.

See the LaTeX manual or LaTeX Companion for explanation.
Type  H <return>  for immediate help.
 ...                                              
                                                  
l.119 ...ring objection" $\cite[217]{whatisamaxim}
                                                   \footnote{Kitcher
Please use the math alphabet \mathbf instead of the \bfseries command. 


Package natbib Warning: Citation `whatisamaxim' on page 50 undefined on input l
ine 119.


Package natbib Warning: Citation `kantsethicalthought' on page 50 undefined on 
input line 120.


./paper41.tex:127: LaTeX Error: Command \bfseries invalid in math mode.

See the LaTeX manual or LaTeX Companion for explanation.
Type  H <return>  for immediate help.
 ...                                              
                                                  
l.127 ...he action$\cite[4:428]{actingonprinciple}
                                                  $. She argues that this is
Please use the math alphabet \mathbf instead of the \bfseries command. 


Package natbib Warning: Citation `actingonprinciple' on page 50 undefined on in
put line 127.


Package natbib Warning: Citation `bok' on page 50 undefined on input line 129.

[50]

Package natbib Warning: Citation `powers' on page 51 undefined on input line 15
0.

[51]

Package natbib Warning: Citation `whatisamaxim' on page 52 undefined on input l
ine 163.

[52]

Package natbib Warning: Citation `sources' on page 53 undefined on input line 1
91.


./paper41.tex:203: LaTeX Error: Command \bfseries invalid in math mode.

See the LaTeX manual or LaTeX Companion for explanation.
Type  H <return>  for immediate help.
 ...                                              
                                                  
l.203 ...to a person"$\cite[13]{actingonprinciple}
                                                  $. I adopt the spirit of t...

Please use the math alphabet \mathbf instead of the \bfseries command. 


Package natbib Warning: Citation `actingonprinciple' on page 53 undefined on in
put line 203.

[53]

Package natbib Warning: Citation `BFP' on page 54 undefined on input line 216.

[54]

Package natbib Warning: Citation `sepcausation' on page 55 undefined on input l
ine 243.


Package natbib Warning: Citation `lewiscausality' on page 55 undefined on input
 line 249.


Package natbib Warning: Citation `lewiscounterfactuals' on page 55 undefined on
 input line 252.

[55] [56] [57] [58] [59] [60]

Package natbib Warning: Citation `KorsgaardFUL' on page 61 undefined on input l
ine 534.

[61] [62] [63]
Overfull \hbox (23.58006pt too wide) in paragraph at lines 672--673
[][]\OT1/ptm/m/it/10 need[]to[]be[]believed $\OMS/cmsy/m/n/10 ^^Q$ $8 $\OT1/ptm
/m/it/10 w s$\OML/cmm/m/it/10 :$ $\OT1/cmr/m/n/10 ($$\OMS/cmsy/m/n/10 :$ \OT1/p
tm/m/it/10 be-lieved$\OT1/cmr/m/n/10 ($\OT1/ptm/m/it/10 s$\OT1/cmr/m/n/10 )$ \O
T1/ptm/m/it/10 w $[][]\OMS/cmsy/m/n/10 !$ $\OMS/cmsy/b/n/10 :$$\OT1/cmr/m/n/10 
($$($\OT1/ptm/m/it/10 falsely[]promise s$\OT1/cmr/m/n/10 )$ $\OMS/cmsy/b/n/10 !
$ \OT1/ptm/m/it/10 to[]get[]easy[]cash$\OT1/cmr/m/n/10 )$\OT1/ptm/m/it/10 w$\OT
1/cmr/m/n/10 )$[] 
 []

[64]

Package natbib Warning: Citation `KorsgaardFUL' on page 65 undefined on input l
ine 729.


Package natbib Warning: Citation `KorsgaardFUL' on page 65 undefined on input l
ine 731.

[65] [66] [67] [68] [69] [70] [71]) (./relatedwork.tex

Package natbib Warning: Citation `mesurvey' on page 72 undefined on input line 
41.


Package natbib Warning: Citation `util1' on page 72 undefined on input line 46.



Package natbib Warning: Citation `util2' on page 72 undefined on input line 46.



Package natbib Warning: Citation `particularism1' on page 72 undefined on input
 line 46.


Package natbib Warning: Citation `particularism2' on page 72 undefined on input
 line 46.


Package natbib Warning: Citation `dde' on page 72 undefined on input line 48.


Package natbib Warning: Citation `deon1' on page 72 undefined on input line 48.



Package natbib Warning: Citation `deon2' on page 72 undefined on input line 48.



Package natbib Warning: Citation `powers' on page 72 undefined on input line 49
.


Package natbib Warning: Citation `lin' on page 72 undefined on input line 49.


Package natbib Warning: Citation `powers' on page 72 undefined on input line 50
.


Package natbib Warning: Citation `io' on page 72 undefined on input line 53.


Package natbib Warning: Citation `cresswell' on page 72 undefined on input line
 54.

[72]

Package natbib Warning: Citation `BL' on page 73 undefined on input line 56.


Overfull \hbox (3.09818pt too wide) in paragraph at lines 56--62
[]\OT1/ptm/m/n/10.95 Lindner and Bentzen \OT1/ptm/b/n/10.95 ? \OT1/ptm/m/n/10.9
5 have pre-sented a for-mal-iza-tion and im-ple-men-ta-tion of Kant's
 []


Overfull \hbox (1.6854pt too wide) in paragraph at lines 56--62
\OT1/ptm/m/n/10.95 sec-ond for-mu-la-tion of the cat-e-gor-i-cal im-per-a-tive 
us-ing a cus-tom logic. They present
 []


Package natbib Warning: Citation `BFP' on page 73 undefined on input line 64.


Package natbib Warning: Citation `logikey' on page 73 undefined on input line 6
4.


Package natbib Warning: Citation `godel' on page 73 undefined on input line 65.



Package natbib Warning: Citation `metaphysics1' on page 73 undefined on input l
ine 65.


Package natbib Warning: Citation `gewirth' on page 73 undefined on input line 6
5.

) (./futurework.tex [73] [74]

Package natbib Warning: Citation `groundwork' on page 75 undefined on input lin
e 59.

) [75] (./root.bbl [76] [77] [78] [79])

Package natbib Warning: There were undefined citations.

Package atveryend Info: Empty hook `BeforeClearDocument' on input line 78.
[80]
Package atveryend Info: Empty hook `AfterLastShipout' on input line 78.
 (./root.aux

Package natbib Warning: Citation(s) may have changed.
(natbib)                Rerun to get citations correct.


./root.aux:215: Package natbib Error: Bibliography not compatible with author-y
ear citations.
(natbib)                Press <return> to continue in numerical citation style.


See the natbib package documentation for explanation.
Type  H <return>  for immediate help.
 ...                                              
                                                  
l.215 ...and\NAT@force@numbers{}\NAT@force@numbers
                                                  
Check the bibliography entries for non-compliant syntax,
or select author-year BibTeX style, e.g. plainnat

)
Package atveryend Info: Executing hook `AtVeryEndDocument' on input line 78.
Package atveryend Info: Executing hook `AtEndAfterFileList' on input line 78.
Package rerunfilecheck Info: File `root.out' has not changed.
(rerunfilecheck)             Checksum: CA4AF369A848AE6AF12E2D57ECA207C5;2421.


LaTeX Warning: There were undefined references.


LaTeX Warning: Label(s) may have changed. Rerun to get cross-references right.

Package atveryend Info: Empty hook `AtVeryVeryEnd' on input line 78.
 ) 
Here is how much of TeX's memory you used:
 8049 strings out of 480608
 115784 string characters out of 5903631
 371364 words of memory out of 5000000
 23527 multiletter control sequences out of 15000+600000
 578964 words of font info for 126 fonts, out of 8000000 for 9000
 1141 hyphenation exceptions out of 8191
 41i,9n,33p,895b,519s stack positions out of 5000i,500n,10000p,200000b,80000s
{/usr/local/texlive/2020/texmf-dist/fonts/enc/dvips/base/8r.enc}</usr/local/t
exlive/2020/texmf-dist/fonts/type1/public/amsfonts/cm/cmbsy10.pfb></usr/local/t
exlive/2020/texmf-dist/fonts/type1/public/amsfonts/cm/cmmi10.pfb></usr/local/te
xlive/2020/texmf-dist/fonts/type1/public/amsfonts/cm/cmmi8.pfb></usr/local/texl
ive/2020/texmf-dist/fonts/type1/public/amsfonts/cm/cmmi9.pfb></usr/local/texliv
e/2020/texmf-dist/fonts/type1/public/amsfonts/cm/cmr10.pfb></usr/local/texlive/
2020/texmf-dist/fonts/type1/public/amsfonts/cm/cmr7.pfb></usr/local/texlive/202
0/texmf-dist/fonts/type1/public/amsfonts/cm/cmr9.pfb></usr/local/texlive/2020/t
exmf-dist/fonts/type1/public/amsfonts/cm/cmsy10.pfb></usr/local/texlive/2020/te
xmf-dist/fonts/type1/public/amsfonts/cm/cmsy5.pfb></usr/local/texlive/2020/texm
f-dist/fonts/type1/public/amsfonts/cm/cmsy6.pfb></usr/local/texlive/2020/texmf-
dist/fonts/type1/public/amsfonts/cm/cmsy7.pfb></usr/local/texlive/2020/texmf-di
st/fonts/type1/public/amsfonts/cm/cmsy8.pfb></usr/local/texlive/2020/texmf-dist
/fonts/type1/public/amsfonts/cm/cmsy9.pfb></usr/local/texlive/2020/texmf-dist/f
onts/type1/public/amsfonts/symbols/msam10.pfb></usr/local/texlive/2020/texmf-di
st/fonts/type1/urw/courier/ucrr8a.pfb></usr/local/texlive/2020/texmf-dist/fonts
/type1/urw/times/utmb8a.pfb></usr/local/texlive/2020/texmf-dist/fonts/type1/urw
/times/utmbi8a.pfb></usr/local/texlive/2020/texmf-dist/fonts/type1/urw/times/ut
mr8a.pfb></usr/local/texlive/2020/texmf-dist/fonts/type1/urw/times/utmri8a.pfb>

Output written on root.pdf (80 pages, 399621 bytes).
PDF statistics:
 722 PDF objects out of 1000 (max. 8388607)
 612 compressed objects within 7 object streams
 206 named destinations out of 1000 (max. 500000)
 262 words of extra memory for PDF output out of 10000 (max. 10000000)

