\BOOKMARK [1][-]{section.1}{Choice to Formalize the FUL}{}% 1
\BOOKMARK [1][-]{section.2}{Definition of a Maxim}{}% 2
\BOOKMARK [2][-]{subsection.2.1}{O'Niell's Original Schematic and The Role of Practical Judgement}{section.2}% 3
\BOOKMARK [2][-]{subsection.2.2}{Exclusion of Motive}{section.2}% 4
\BOOKMARK [1][-]{section.3}{Practical Contradiction Interpretation}{}% 5
\BOOKMARK [1][-]{section.4}{Philosophical Contributions}{}% 6
\BOOKMARK [2][-]{subsection.4.1}{AI Agents}{section.4}% 7
\BOOKMARK [2][-]{subsection.4.2}{Computational Philosophy}{section.4}% 8
\BOOKMARK [3][-]{subsubsection.4.2.1}{Example of a Philosophical Insight}{subsection.4.2}% 9
\BOOKMARK [3][-]{subsubsection.4.2.2}{The Value of Computational Ethics}{subsection.4.2}% 10
\BOOKMARK [3][-]{subsubsection.4.2.3}{Looking Forward}{subsection.4.2}% 11
\BOOKMARK [1][-]{section.5}{Why Kantian Ethics}{}% 12
\BOOKMARK [2][-]{subsection.5.1}{Kantian Ethics}{section.5}% 13
\BOOKMARK [2][-]{subsection.5.2}{Consequentialism}{section.5}% 14
\BOOKMARK [2][-]{subsection.5.3}{Virtue Ethics}{section.5}% 15
\BOOKMARK [1][-]{section.6}{Introduction}{}% 16
\BOOKMARK [1][-]{section.7}{Kantian Ethics}{}% 17
\BOOKMARK [2][-]{subsection.7.1}{Kant Crash Course}{section.7}% 18
\BOOKMARK [2][-]{subsection.7.2}{Kant is Easier to Formalize}{section.7}% 19
\BOOKMARK [2][-]{subsection.7.3}{Flags Planted}{section.7}% 20
\BOOKMARK [1][-]{section.8}{Consequentialism}{}% 21
\BOOKMARK [2][-]{subsection.8.1}{Consequentialism Crash Course}{section.8}% 22
\BOOKMARK [2][-]{subsection.8.2}{Consequentialism is Hard to Formalize}{section.8}% 23
\BOOKMARK [3][-]{subsubsection.8.2.1}{Data About States of Affairs}{subsection.8.2}% 24
\BOOKMARK [3][-]{subsubsection.8.2.2}{Aggregation vs Wholistic Evaluation}{subsection.8.2}% 25
\BOOKMARK [1][-]{section.9}{Virtue Ethics}{}% 26
\BOOKMARK [2][-]{subsection.9.1}{Virtue Ethics Crash Course}{section.9}% 27
\BOOKMARK [3][-]{subsubsection.9.1.1}{What is Virtue?}{subsection.9.1}% 28
\BOOKMARK [3][-]{subsubsection.9.1.2}{How Do We Represent Moral Character?}{subsection.9.1}% 29
\BOOKMARK [3][-]{subsubsection.9.1.3}{Machine Learning and Virtue Ethics?}{subsection.9.1}% 30
